Log opened at 2016-01-17 14:19:07
I: Checking remote connect back address.
I: Remote address found, connecting to 192.168.59.3:9001.
E: Could not connect to client. :-(
Log closed at 2016-01-17 14:19:07

Log opened at 2016-01-17 14:19:08
I: Checking remote connect back address.
I: Remote address found, connecting to 192.168.59.3:9001.
E: Could not connect to client. :-(
Log closed at 2016-01-17 14:19:08

Log opened at 2016-01-17 14:21:41
I: Checking remote connect back address.
I: Remote address found, connecting to 192.168.59.3:9001.
E: Could not connect to client. :-(
Log closed at 2016-01-17 14:21:41

Log opened at 2016-01-17 14:21:42
I: Checking remote connect back address.
I: Remote address found, connecting to 192.168.59.3:9001.
E: Could not connect to client. :-(
Log closed at 2016-01-17 14:21:42

Log opened at 2016-01-17 14:21:52
I: Checking remote connect back address.
I: Remote address found, connecting to 192.168.59.3:9001.
E: Could not connect to client. :-(
Log closed at 2016-01-17 14:21:52

Log opened at 2016-01-17 14:21:52
I: Checking remote connect back address.
I: Remote address found, connecting to 192.168.59.3:9001.
E: Could not connect to client. :-(
Log closed at 2016-01-17 14:21:52

Log opened at 2016-01-17 14:23:50
I: Checking remote connect back address.
I: Remote address found, connecting to 192.168.59.3:9001.
E: Could not connect to client. :-(
Log closed at 2016-01-17 14:23:50

Log opened at 2016-01-17 14:23:50
I: Checking remote connect back address.
I: Remote address found, connecting to 192.168.59.3:9001.
E: Could not connect to client. :-(
Log closed at 2016-01-17 14:23:50

Log opened at 2016-01-17 14:23:51
I: Checking remote connect back address.
I: Remote address found, connecting to 192.168.59.3:9001.
E: Could not connect to client. :-(
Log closed at 2016-01-17 14:23:51

Log opened at 2016-01-17 14:23:51
I: Checking remote connect back address.
I: Remote address found, connecting to 192.168.59.3:9001.
E: Could not connect to client. :-(
Log closed at 2016-01-17 14:23:51

Log opened at 2016-01-17 14:23:53
I: Checking remote connect back address.
I: Remote address found, connecting to 192.168.59.3:9001.
E: Could not connect to client. :-(
Log closed at 2016-01-17 14:23:53

Log opened at 2016-01-17 14:23:54
I: Checking remote connect back address.
I: Remote address found, connecting to 192.168.59.3:9001.
E: Could not connect to client. :-(
Log closed at 2016-01-17 14:23:54

Log opened at 2016-01-17 14:25:38
I: Checking remote connect back address.
I: Remote address found, connecting to 192.168.59.3:9001.
E: Could not connect to client. :-(
Log closed at 2016-01-17 14:25:38

Log opened at 2016-01-17 14:25:39
I: Checking remote connect back address.
I: Remote address found, connecting to 192.168.59.3:9001.
E: Could not connect to client. :-(
Log closed at 2016-01-17 14:25:39

Log opened at 2016-01-17 14:25:39
I: Checking remote connect back address.
I: Remote address found, connecting to 192.168.59.3:9001.
E: Could not connect to client. :-(
Log closed at 2016-01-17 14:25:39

Log opened at 2016-01-17 14:25:39
I: Checking remote connect back address.
I: Remote address found, connecting to 192.168.59.3:9001.
E: Could not connect to client. :-(
Log closed at 2016-01-17 14:25:39

Log opened at 2016-01-17 14:29:24
I: Checking remote connect back address.
I: Remote address found, connecting to 192.168.59.3:9001.
E: Could not connect to client. :-(
Log closed at 2016-01-17 14:29:24

Log opened at 2016-01-17 14:29:24
I: Checking remote connect back address.
I: Remote address found, connecting to 192.168.59.3:9001.
E: Could not connect to client. :-(
Log closed at 2016-01-17 14:29:24

Log opened at 2016-01-17 14:29:24
I: Checking remote connect back address.
I: Remote address found, connecting to 192.168.59.3:9001.
E: Could not connect to client. :-(
Log closed at 2016-01-17 14:29:24

Log opened at 2016-01-17 14:29:24
I: Checking remote connect back address.
I: Remote address found, connecting to 192.168.59.3:9001.
E: Could not connect to client. :-(
Log closed at 2016-01-17 14:29:24

Log opened at 2016-01-17 14:32:23
I: Checking remote connect back address.
I: Remote address found, connecting to 192.168.59.3:9001.
E: Could not connect to client. :-(
Log closed at 2016-01-17 14:32:23

Log opened at 2016-01-17 14:32:24
I: Checking remote connect back address.
I: Remote address found, connecting to 192.168.59.3:9001.
E: Could not connect to client. :-(
Log closed at 2016-01-17 14:32:24

Log opened at 2016-01-17 14:34:19
I: Checking remote connect back address.
I: Remote address found, connecting to 192.168.59.3:9001.
E: Could not connect to client. :-(
Log closed at 2016-01-17 14:34:19

Log opened at 2016-01-17 14:34:19
I: Checking remote connect back address.
I: Remote address found, connecting to 192.168.59.3:9001.
E: Could not connect to client. :-(
Log closed at 2016-01-17 14:34:19

Log opened at 2016-01-17 14:34:23
I: Checking remote connect back address.
I: Remote address found, connecting to 192.168.59.3:9001.
E: Could not connect to client. :-(
Log closed at 2016-01-17 14:34:23

Log opened at 2016-01-17 14:34:23
I: Checking remote connect back address.
I: Remote address found, connecting to 192.168.59.3:9001.
E: Could not connect to client. :-(
Log closed at 2016-01-17 14:34:23

Log opened at 2016-01-17 14:34:51
I: Checking remote connect back address.
I: Remote address found, connecting to 192.168.59.3:9001.
E: Could not connect to client. :-(
Log closed at 2016-01-17 14:34:51

Log opened at 2016-01-17 14:34:51
I: Checking remote connect back address.
I: Remote address found, connecting to 192.168.59.3:9001.
E: Could not connect to client. :-(
Log closed at 2016-01-17 14:34:51

Log opened at 2016-01-17 14:34:56
I: Checking remote connect back address.
I: Remote address found, connecting to 192.168.59.3:9001.
E: Could not connect to client. :-(
Log closed at 2016-01-17 14:34:56

Log opened at 2016-01-17 14:34:56
I: Checking remote connect back address.
I: Remote address found, connecting to 192.168.59.3:9001.
E: Could not connect to client. :-(
Log closed at 2016-01-17 14:34:56

Log opened at 2016-01-17 14:34:56
I: Checking remote connect back address.
I: Remote address found, connecting to 192.168.59.3:9001.
E: Could not connect to client. :-(
Log closed at 2016-01-17 14:34:56

Log opened at 2016-01-17 14:34:57
I: Checking remote connect back address.
I: Remote address found, connecting to 192.168.59.3:9001.
E: Could not connect to client. :-(
Log closed at 2016-01-17 14:34:57

Log opened at 2016-01-17 14:34:57
I: Checking remote connect back address.
I: Remote address found, connecting to 192.168.59.3:9001.
E: Could not connect to client. :-(
Log closed at 2016-01-17 14:34:57

Log opened at 2016-01-17 14:34:57
I: Checking remote connect back address.
I: Remote address found, connecting to 192.168.59.3:9001.
E: Could not connect to client. :-(
Log closed at 2016-01-17 14:34:57

Log opened at 2016-01-17 14:34:57
Log opened at 2016-01-17 14:34:57
I: Checking remote connect back address.
I: Remote address found, connecting to 192.168.59.3:9001.
E: Could not connect to client. :-(
Log closed at 2016-01-17 14:34:57

I: Checking remote connect back address.
I: Remote address found, connecting to 192.168.59.3:9001.
E: Could not connect to client. :-(
Log closed at 2016-01-17 14:34:57

Log opened at 2016-01-17 14:34:59
I: Checking remote connect back address.
I: Remote address found, connecting to 192.168.59.3:9001.
E: Could not connect to client. :-(
Log closed at 2016-01-17 14:34:59

Log opened at 2016-01-17 14:34:59
I: Checking remote connect back address.
I: Remote address found, connecting to 192.168.59.3:9001.
E: Could not connect to client. :-(
Log closed at 2016-01-17 14:34:59

Log opened at 2016-01-17 14:34:59
I: Checking remote connect back address.
I: Remote address found, connecting to 192.168.59.3:9001.
E: Could not connect to client. :-(
Log closed at 2016-01-17 14:34:59

Log opened at 2016-01-17 14:34:59
I: Checking remote connect back address.
I: Remote address found, connecting to 192.168.59.3:9001.
E: Could not connect to client. :-(
Log closed at 2016-01-17 14:34:59

Log opened at 2016-01-17 14:35:00
Log opened at 2016-01-17 14:35:00
I: Checking remote connect back address.
I: Remote address found, connecting to 192.168.59.3:9001.
E: Could not connect to client. :-(
Log closed at 2016-01-17 14:35:00

I: Checking remote connect back address.
I: Remote address found, connecting to 192.168.59.3:9001.
E: Could not connect to client. :-(
Log closed at 2016-01-17 14:35:00

Log opened at 2016-01-17 14:35:03
I: Checking remote connect back address.
I: Remote address found, connecting to 192.168.59.3:9001.
E: Could not connect to client. :-(
Log closed at 2016-01-17 14:35:03

Log opened at 2016-01-17 14:35:03
I: Checking remote connect back address.
I: Remote address found, connecting to 192.168.59.3:9001.
E: Could not connect to client. :-(
Log closed at 2016-01-17 14:35:03

Log opened at 2016-01-17 14:35:11
I: Checking remote connect back address.
I: Remote address found, connecting to 192.168.59.3:9001.
E: Could not connect to client. :-(
Log closed at 2016-01-17 14:35:11

Log opened at 2016-01-17 14:35:12
I: Checking remote connect back address.
I: Remote address found, connecting to 192.168.59.3:9001.
E: Could not connect to client. :-(
Log closed at 2016-01-17 14:35:12

Log opened at 2016-01-17 14:35:23
I: Checking remote connect back address.
I: Remote address found, connecting to 192.168.59.3:9001.
E: Could not connect to client. :-(
Log closed at 2016-01-17 14:35:23

Log opened at 2016-01-17 14:35:24
I: Checking remote connect back address.
I: Remote address found, connecting to 192.168.59.3:9001.
E: Could not connect to client. :-(
Log closed at 2016-01-17 14:35:24

Log opened at 2016-01-17 14:35:28
I: Checking remote connect back address.
I: Remote address found, connecting to 192.168.59.3:9001.
E: Could not connect to client. :-(
Log closed at 2016-01-17 14:35:28

Log opened at 2016-01-17 14:35:28
I: Checking remote connect back address.
I: Remote address found, connecting to 192.168.59.3:9001.
E: Could not connect to client. :-(
Log closed at 2016-01-17 14:35:28

Log opened at 2016-01-17 14:40:32
I: Checking remote connect back address.
I: Remote address found, connecting to 192.168.59.3:9001.
E: Could not connect to client. :-(
Log closed at 2016-01-17 14:40:32

Log opened at 2016-01-17 14:40:32
I: Checking remote connect back address.
I: Remote address found, connecting to 192.168.59.3:9001.
E: Could not connect to client. :-(
Log closed at 2016-01-17 14:40:32

Log opened at 2016-01-17 14:40:35
I: Checking remote connect back address.
I: Remote address found, connecting to 192.168.59.3:9001.
E: Could not connect to client. :-(
Log closed at 2016-01-17 14:40:35

Log opened at 2016-01-17 14:40:36
I: Checking remote connect back address.
I: Remote address found, connecting to 192.168.59.3:9001.
E: Could not connect to client. :-(
Log closed at 2016-01-17 14:40:36

Log opened at 2016-01-17 14:41:29
I: Checking remote connect back address.
I: Remote address found, connecting to 192.168.59.3:9001.
E: Could not connect to client. :-(
Log closed at 2016-01-17 14:41:29

Log opened at 2016-01-17 14:41:29
I: Checking remote connect back address.
I: Remote address found, connecting to 192.168.59.3:9001.
E: Could not connect to client. :-(
Log closed at 2016-01-17 14:41:29

Log opened at 2016-01-17 14:41:55
I: Checking remote connect back address.
I: Remote address found, connecting to 192.168.59.3:9001.
E: Could not connect to client. :-(
Log closed at 2016-01-17 14:41:55

Log opened at 2016-01-17 14:41:56
I: Checking remote connect back address.
I: Remote address found, connecting to 192.168.59.3:9001.
E: Could not connect to client. :-(
Log closed at 2016-01-17 14:41:56

Log opened at 2016-01-17 14:42:21
I: Checking remote connect back address.
I: Remote address found, connecting to 192.168.59.3:9001.
E: Could not connect to client. :-(
Log closed at 2016-01-17 14:42:21

Log opened at 2016-01-17 14:42:21
I: Checking remote connect back address.
I: Remote address found, connecting to 192.168.59.3:9001.
E: Could not connect to client. :-(
Log closed at 2016-01-17 14:42:21

Log opened at 2016-01-17 14:43:34
I: Checking remote connect back address.
I: Remote address found, connecting to 192.168.59.3:9001.
E: Could not connect to client. :-(
Log closed at 2016-01-17 14:43:34

Log opened at 2016-01-17 14:43:34
I: Checking remote connect back address.
I: Remote address found, connecting to 192.168.59.3:9001.
E: Could not connect to client. :-(
Log closed at 2016-01-17 14:43:34

Log opened at 2016-01-17 14:54:32
I: Checking remote connect back address.
I: Remote address found, connecting to 192.168.59.3:9001.
E: Could not connect to client. :-(
Log closed at 2016-01-17 14:54:32

Log opened at 2016-01-17 14:54:32
I: Checking remote connect back address.
I: Remote address found, connecting to 192.168.59.3:9001.
E: Could not connect to client. :-(
Log closed at 2016-01-17 14:54:32

Log opened at 2016-01-17 14:54:37
I: Checking remote connect back address.
I: Remote address found, connecting to 192.168.59.3:9001.
E: Could not connect to client. :-(
Log closed at 2016-01-17 14:54:37

Log opened at 2016-01-17 14:54:37
I: Checking remote connect back address.
I: Remote address found, connecting to 192.168.59.3:9001.
E: Could not connect to client. :-(
Log closed at 2016-01-17 14:54:37

Log opened at 2016-01-17 14:54:38
Log opened at 2016-01-17 14:54:38
I: Checking remote connect back address.
I: Remote address found, connecting to 192.168.59.3:9001.
E: Could not connect to client. :-(
Log closed at 2016-01-17 14:54:38

I: Checking remote connect back address.
I: Remote address found, connecting to 192.168.59.3:9001.
E: Could not connect to client. :-(
Log closed at 2016-01-17 14:54:38

Log opened at 2016-01-17 14:54:38
Log opened at 2016-01-17 14:54:38
I: Checking remote connect back address.
I: Remote address found, connecting to 192.168.59.3:9001.
E: Could not connect to client. :-(
Log closed at 2016-01-17 14:54:38

I: Checking remote connect back address.
I: Remote address found, connecting to 192.168.59.3:9001.
E: Could not connect to client. :-(
Log closed at 2016-01-17 14:54:38

Log opened at 2016-01-17 14:54:40
I: Checking remote connect back address.
I: Remote address found, connecting to 192.168.59.3:9001.
E: Could not connect to client. :-(
Log closed at 2016-01-17 14:54:40

Log opened at 2016-01-17 14:54:40
I: Checking remote connect back address.
I: Remote address found, connecting to 192.168.59.3:9001.
E: Could not connect to client. :-(
Log closed at 2016-01-17 14:54:40

Log opened at 2016-01-17 14:54:40
Log opened at 2016-01-17 14:54:40
I: Checking remote connect back address.
I: Remote address found, connecting to 192.168.59.3:9001.
E: Could not connect to client. :-(
Log closed at 2016-01-17 14:54:40

I: Checking remote connect back address.
I: Remote address found, connecting to 192.168.59.3:9001.
E: Could not connect to client. :-(
Log closed at 2016-01-17 14:54:40

Log opened at 2016-01-17 14:54:40
I: Checking remote connect back address.
I: Remote address found, connecting to 192.168.59.3:9001.
E: Could not connect to client. :-(
Log closed at 2016-01-17 14:54:40

Log opened at 2016-01-17 14:54:40
I: Checking remote connect back address.
I: Remote address found, connecting to 192.168.59.3:9001.
E: Could not connect to client. :-(
Log closed at 2016-01-17 14:54:40

Log opened at 2016-01-17 14:54:51
I: Checking remote connect back address.
I: Remote address found, connecting to 192.168.59.3:9001.
E: Could not connect to client. :-(
Log closed at 2016-01-17 14:54:51

Log opened at 2016-01-17 14:54:51
I: Checking remote connect back address.
I: Remote address found, connecting to 192.168.59.3:9001.
E: Could not connect to client. :-(
Log closed at 2016-01-17 14:54:51

Log opened at 2016-01-17 14:55:13
I: Checking remote connect back address.
I: Remote address found, connecting to 192.168.59.3:9001.
E: Could not connect to client. :-(
Log closed at 2016-01-17 14:55:13

Log opened at 2016-01-17 14:55:13
I: Checking remote connect back address.
I: Remote address found, connecting to 192.168.59.3:9001.
E: Could not connect to client. :-(
Log closed at 2016-01-17 14:55:13

Log opened at 2016-01-17 14:55:20
I: Checking remote connect back address.
I: Remote address found, connecting to 192.168.59.3:9001.
E: Could not connect to client. :-(
Log closed at 2016-01-17 14:55:20

Log opened at 2016-01-17 14:55:20
I: Checking remote connect back address.
I: Remote address found, connecting to 192.168.59.3:9001.
E: Could not connect to client. :-(
Log closed at 2016-01-17 14:55:20

Log opened at 2016-01-17 14:55:20
I: Checking remote connect back address.
I: Remote address found, connecting to 192.168.59.3:9001.
E: Could not connect to client. :-(
Log closed at 2016-01-17 14:55:20

Log opened at 2016-01-17 14:55:20
I: Checking remote connect back address.
I: Remote address found, connecting to 192.168.59.3:9001.
E: Could not connect to client. :-(
Log closed at 2016-01-17 14:55:20

Log opened at 2016-01-17 14:55:20
I: Checking remote connect back address.
I: Remote address found, connecting to 192.168.59.3:9001.
E: Could not connect to client. :-(
Log closed at 2016-01-17 14:55:20

Log opened at 2016-01-17 14:55:20
I: Checking remote connect back address.
I: Remote address found, connecting to 192.168.59.3:9001.
E: Could not connect to client. :-(
Log closed at 2016-01-17 14:55:20

Log opened at 2016-01-17 14:55:44
I: Checking remote connect back address.
I: Remote address found, connecting to 192.168.59.3:9001.
E: Could not connect to client. :-(
Log closed at 2016-01-17 14:55:44

Log opened at 2016-01-17 14:55:44
I: Checking remote connect back address.
I: Remote address found, connecting to 192.168.59.3:9001.
E: Could not connect to client. :-(
Log closed at 2016-01-17 14:55:44

Log opened at 2016-01-17 14:55:45
I: Checking remote connect back address.
I: Remote address found, connecting to 192.168.59.3:9001.
E: Could not connect to client. :-(
Log closed at 2016-01-17 14:55:45

Log opened at 2016-01-17 14:55:45
I: Checking remote connect back address.
I: Remote address found, connecting to 192.168.59.3:9001.
E: Could not connect to client. :-(
Log closed at 2016-01-17 14:55:45

Log opened at 2016-01-17 14:56:44
I: Checking remote connect back address.
I: Remote address found, connecting to 192.168.59.3:9001.
E: Could not connect to client. :-(
Log closed at 2016-01-17 14:56:44

Log opened at 2016-01-17 14:56:44
I: Checking remote connect back address.
I: Remote address found, connecting to 192.168.59.3:9001.
E: Could not connect to client. :-(
Log closed at 2016-01-17 14:56:44

Log opened at 2016-01-17 14:56:45
I: Checking remote connect back address.
I: Remote address found, connecting to 192.168.59.3:9001.
E: Could not connect to client. :-(
Log closed at 2016-01-17 14:56:45

Log opened at 2016-01-17 14:56:45
I: Checking remote connect back address.
I: Remote address found, connecting to 192.168.59.3:9001.
E: Could not connect to client. :-(
Log closed at 2016-01-17 14:56:45

Log opened at 2016-01-17 14:56:50
I: Checking remote connect back address.
I: Remote address found, connecting to 192.168.59.3:9001.
E: Could not connect to client. :-(
Log closed at 2016-01-17 14:56:50

Log opened at 2016-01-17 14:56:50
I: Checking remote connect back address.
I: Remote address found, connecting to 192.168.59.3:9001.
E: Could not connect to client. :-(
Log closed at 2016-01-17 14:56:50

Log opened at 2016-01-17 14:56:51
I: Checking remote connect back address.
I: Remote address found, connecting to 192.168.59.3:9001.
E: Could not connect to client. :-(
Log closed at 2016-01-17 14:56:51

Log opened at 2016-01-17 14:56:51
I: Checking remote connect back address.
I: Remote address found, connecting to 192.168.59.3:9001.
E: Could not connect to client. :-(
Log closed at 2016-01-17 14:56:51

Log opened at 2016-01-17 14:58:17
I: Checking remote connect back address.
I: Remote address found, connecting to 192.168.59.3:9001.
E: Could not connect to client. :-(
Log closed at 2016-01-17 14:58:17

Log opened at 2016-01-17 14:58:17
I: Checking remote connect back address.
I: Remote address found, connecting to 192.168.59.3:9001.
E: Could not connect to client. :-(
Log closed at 2016-01-17 14:58:17

Log opened at 2016-01-17 14:58:18
I: Checking remote connect back address.
I: Remote address found, connecting to 192.168.59.3:9001.
E: Could not connect to client. :-(
Log closed at 2016-01-17 14:58:18

Log opened at 2016-01-17 14:58:18
I: Checking remote connect back address.
I: Remote address found, connecting to 192.168.59.3:9001.
E: Could not connect to client. :-(
Log closed at 2016-01-17 14:58:18

Log opened at 2016-01-17 14:58:33
I: Checking remote connect back address.
I: Remote address found, connecting to 192.168.59.3:9001.
E: Could not connect to client. :-(
Log closed at 2016-01-17 14:58:33

Log opened at 2016-01-17 14:58:33
I: Checking remote connect back address.
I: Remote address found, connecting to 192.168.59.3:9001.
E: Could not connect to client. :-(
Log closed at 2016-01-17 14:58:33

Log opened at 2016-01-17 14:58:34
I: Checking remote connect back address.
I: Remote address found, connecting to 192.168.59.3:9001.
E: Could not connect to client. :-(
Log closed at 2016-01-17 14:58:34

Log opened at 2016-01-17 14:58:34
I: Checking remote connect back address.
I: Remote address found, connecting to 192.168.59.3:9001.
E: Could not connect to client. :-(
Log closed at 2016-01-17 14:58:34

Log opened at 2016-01-17 14:59:10
I: Checking remote connect back address.
I: Remote address found, connecting to 192.168.59.3:9001.
E: Could not connect to client. :-(
Log closed at 2016-01-17 14:59:10

Log opened at 2016-01-17 14:59:10
I: Checking remote connect back address.
I: Remote address found, connecting to 192.168.59.3:9001.
E: Could not connect to client. :-(
Log closed at 2016-01-17 14:59:10

Log opened at 2016-01-17 14:59:11
I: Checking remote connect back address.
I: Remote address found, connecting to 192.168.59.3:9001.
E: Could not connect to client. :-(
Log closed at 2016-01-17 14:59:11

Log opened at 2016-01-17 14:59:11
I: Checking remote connect back address.
I: Remote address found, connecting to 192.168.59.3:9001.
E: Could not connect to client. :-(
Log closed at 2016-01-17 14:59:11

Log opened at 2016-01-17 14:59:42
I: Checking remote connect back address.
I: Remote address found, connecting to 192.168.59.3:9001.
E: Could not connect to client. :-(
Log closed at 2016-01-17 14:59:42

Log opened at 2016-01-17 14:59:43
I: Checking remote connect back address.
I: Remote address found, connecting to 192.168.59.3:9001.
E: Could not connect to client. :-(
Log closed at 2016-01-17 14:59:43

Log opened at 2016-01-17 14:59:44
I: Checking remote connect back address.
I: Remote address found, connecting to 192.168.59.3:9001.
E: Could not connect to client. :-(
Log closed at 2016-01-17 14:59:44

Log opened at 2016-01-17 14:59:44
I: Checking remote connect back address.
I: Remote address found, connecting to 192.168.59.3:9001.
E: Could not connect to client. :-(
Log closed at 2016-01-17 14:59:44

Log opened at 2016-01-17 14:59:53
I: Checking remote connect back address.
I: Remote address found, connecting to 192.168.59.3:9001.
E: Could not connect to client. :-(
Log closed at 2016-01-17 14:59:53

Log opened at 2016-01-17 14:59:54
I: Checking remote connect back address.
I: Remote address found, connecting to 192.168.59.3:9001.
E: Could not connect to client. :-(
Log closed at 2016-01-17 14:59:54

Log opened at 2016-01-17 14:59:54
I: Checking remote connect back address.
I: Remote address found, connecting to 192.168.59.3:9001.
E: Could not connect to client. :-(
Log closed at 2016-01-17 14:59:54

Log opened at 2016-01-17 14:59:54
I: Checking remote connect back address.
I: Remote address found, connecting to 192.168.59.3:9001.
E: Could not connect to client. :-(
Log closed at 2016-01-17 14:59:54

Log opened at 2016-01-17 15:00:10
I: Checking remote connect back address.
I: Remote address found, connecting to 192.168.59.3:9001.
E: Could not connect to client. :-(
Log closed at 2016-01-17 15:00:10

Log opened at 2016-01-17 15:00:11
I: Checking remote connect back address.
I: Remote address found, connecting to 192.168.59.3:9001.
E: Could not connect to client. :-(
Log closed at 2016-01-17 15:00:11

Log opened at 2016-01-17 15:00:11
I: Checking remote connect back address.
I: Remote address found, connecting to 192.168.59.3:9001.
E: Could not connect to client. :-(
Log closed at 2016-01-17 15:00:11

Log opened at 2016-01-17 15:00:12
I: Checking remote connect back address.
I: Remote address found, connecting to 192.168.59.3:9001.
E: Could not connect to client. :-(
Log closed at 2016-01-17 15:00:12

Log opened at 2016-01-17 15:00:22
I: Checking remote connect back address.
I: Remote address found, connecting to 192.168.59.3:9001.
E: Could not connect to client. :-(
Log closed at 2016-01-17 15:00:22

Log opened at 2016-01-17 15:00:22
I: Checking remote connect back address.
I: Remote address found, connecting to 192.168.59.3:9001.
E: Could not connect to client. :-(
Log closed at 2016-01-17 15:00:22

Log opened at 2016-01-17 15:00:23
I: Checking remote connect back address.
I: Remote address found, connecting to 192.168.59.3:9001.
E: Could not connect to client. :-(
Log closed at 2016-01-17 15:00:23

Log opened at 2016-01-17 15:00:23
I: Checking remote connect back address.
I: Remote address found, connecting to 192.168.59.3:9001.
E: Could not connect to client. :-(
Log closed at 2016-01-17 15:00:23

Log opened at 2016-01-17 15:01:28
I: Checking remote connect back address.
I: Remote address found, connecting to 192.168.59.3:9001.
E: Could not connect to client. :-(
Log closed at 2016-01-17 15:01:28

Log opened at 2016-01-17 15:01:29
I: Checking remote connect back address.
I: Remote address found, connecting to 192.168.59.3:9001.
E: Could not connect to client. :-(
Log closed at 2016-01-17 15:01:29

Log opened at 2016-01-17 15:01:33
I: Checking remote connect back address.
I: Remote address found, connecting to 192.168.59.3:9001.
E: Could not connect to client. :-(
Log closed at 2016-01-17 15:01:33

Log opened at 2016-01-17 15:01:33
I: Checking remote connect back address.
I: Remote address found, connecting to 192.168.59.3:9001.
E: Could not connect to client. :-(
Log closed at 2016-01-17 15:01:33

Log opened at 2016-01-17 15:01:38
I: Checking remote connect back address.
I: Remote address found, connecting to 192.168.59.3:9001.
E: Could not connect to client. :-(
Log closed at 2016-01-17 15:01:38

Log opened at 2016-01-17 15:01:38
I: Checking remote connect back address.
I: Remote address found, connecting to 192.168.59.3:9001.
E: Could not connect to client. :-(
Log closed at 2016-01-17 15:01:38

Log opened at 2016-01-17 15:01:39
I: Checking remote connect back address.
I: Remote address found, connecting to 192.168.59.3:9001.
E: Could not connect to client. :-(
Log closed at 2016-01-17 15:01:39

Log opened at 2016-01-17 15:01:39
I: Checking remote connect back address.
I: Remote address found, connecting to 192.168.59.3:9001.
E: Could not connect to client. :-(
Log closed at 2016-01-17 15:01:39

Log opened at 2016-01-17 15:01:41
I: Checking remote connect back address.
I: Remote address found, connecting to 192.168.59.3:9001.
E: Could not connect to client. :-(
Log closed at 2016-01-17 15:01:41

Log opened at 2016-01-17 15:01:41
I: Checking remote connect back address.
I: Remote address found, connecting to 192.168.59.3:9001.
E: Could not connect to client. :-(
Log closed at 2016-01-17 15:01:41

Log opened at 2016-01-17 15:02:04
I: Checking remote connect back address.
I: Remote address found, connecting to 192.168.59.3:9001.
E: Could not connect to client. :-(
Log closed at 2016-01-17 15:02:04

Log opened at 2016-01-17 15:02:05
I: Checking remote connect back address.
I: Remote address found, connecting to 192.168.59.3:9001.
E: Could not connect to client. :-(
Log closed at 2016-01-17 15:02:05

Log opened at 2016-01-17 15:02:09
I: Checking remote connect back address.
I: Remote address found, connecting to 192.168.59.3:9001.
E: Could not connect to client. :-(
Log closed at 2016-01-17 15:02:09

Log opened at 2016-01-17 15:02:09
I: Checking remote connect back address.
I: Remote address found, connecting to 192.168.59.3:9001.
E: Could not connect to client. :-(
Log closed at 2016-01-17 15:02:09

Log opened at 2016-01-17 15:03:55
I: Checking remote connect back address.
I: Remote address found, connecting to 192.168.59.3:9001.
E: Could not connect to client. :-(
Log closed at 2016-01-17 15:03:55

Log opened at 2016-01-17 15:03:56
I: Checking remote connect back address.
I: Remote address found, connecting to 192.168.59.3:9001.
E: Could not connect to client. :-(
Log closed at 2016-01-17 15:03:56

Log opened at 2016-01-17 15:04:02
I: Checking remote connect back address.
I: Remote address found, connecting to 192.168.59.3:9001.
E: Could not connect to client. :-(
Log closed at 2016-01-17 15:04:02

Log opened at 2016-01-17 15:04:02
I: Checking remote connect back address.
I: Remote address found, connecting to 192.168.59.3:9001.
E: Could not connect to client. :-(
Log closed at 2016-01-17 15:04:02

Log opened at 2016-01-17 15:04:19
I: Checking remote connect back address.
I: Remote address found, connecting to 192.168.59.3:9001.
E: Could not connect to client. :-(
Log closed at 2016-01-17 15:04:19

Log opened at 2016-01-17 15:04:20
I: Checking remote connect back address.
I: Remote address found, connecting to 192.168.59.3:9001.
E: Could not connect to client. :-(
Log closed at 2016-01-17 15:04:20

Log opened at 2016-01-17 15:04:27
I: Checking remote connect back address.
I: Remote address found, connecting to 192.168.59.3:9001.
E: Could not connect to client. :-(
Log closed at 2016-01-17 15:04:27

Log opened at 2016-01-17 15:04:28
I: Checking remote connect back address.
I: Remote address found, connecting to 192.168.59.3:9001.
E: Could not connect to client. :-(
Log closed at 2016-01-17 15:04:28

Log opened at 2016-01-17 15:08:55
I: Checking remote connect back address.
I: Remote address found, connecting to 192.168.59.3:9001.
E: Could not connect to client. :-(
Log closed at 2016-01-17 15:08:55

Log opened at 2016-01-17 15:08:55
I: Checking remote connect back address.
I: Remote address found, connecting to 192.168.59.3:9001.
E: Could not connect to client. :-(
Log closed at 2016-01-17 15:08:55

Log opened at 2016-01-17 15:56:02
I: Checking remote connect back address.
I: Remote address found, connecting to 192.168.59.3:9001.
E: Could not connect to client. :-(
Log closed at 2016-01-17 15:56:02

Log opened at 2016-01-17 15:56:09
I: Checking remote connect back address.
I: Remote address found, connecting to 192.168.59.3:9001.
E: Could not connect to client. :-(
Log closed at 2016-01-17 15:56:09

Log opened at 2016-01-17 15:56:12
I: Checking remote connect back address.
I: Remote address found, connecting to 192.168.59.3:9001.
E: Could not connect to client. :-(
Log closed at 2016-01-17 15:56:12

Log opened at 2016-01-17 15:56:26
I: Checking remote connect back address.
I: Remote address found, connecting to 192.168.59.3:9001.
E: Could not connect to client. :-(
Log closed at 2016-01-17 15:56:26

Log opened at 2016-01-17 15:56:28
I: Checking remote connect back address.
I: Remote address found, connecting to 192.168.59.3:9001.
E: Could not connect to client. :-(
Log closed at 2016-01-17 15:56:28

Log opened at 2016-01-17 15:58:18
I: Checking remote connect back address.
I: Remote address found, connecting to 192.168.59.3:9001.
E: Could not connect to client. :-(
Log closed at 2016-01-17 15:58:18

Log opened at 2016-01-17 15:58:38
I: Checking remote connect back address.
I: Remote address found, connecting to 192.168.59.3:9001.
E: Could not connect to client. :-(
Log closed at 2016-01-17 15:58:38

Log opened at 2016-01-17 15:58:50
I: Checking remote connect back address.
I: Remote address found, connecting to 192.168.59.3:9001.
E: Could not connect to client. :-(
Log closed at 2016-01-17 15:58:50

Log opened at 2016-01-17 16:00:48
I: Checking remote connect back address.
I: Remote address found, connecting to 192.168.59.3:9001.
E: Could not connect to client. :-(
Log closed at 2016-01-17 16:00:48

Log opened at 2016-01-17 16:01:16
I: Checking remote connect back address.
I: Remote address found, connecting to 192.168.59.3:9001.
E: Could not connect to client. :-(
Log closed at 2016-01-17 16:01:16

Log opened at 2016-01-17 16:02:28
I: Checking remote connect back address.
I: Remote address found, connecting to 192.168.59.3:9001.
E: Could not connect to client. :-(
Log closed at 2016-01-17 16:02:28

Log opened at 2016-01-17 16:02:29
I: Checking remote connect back address.
I: Remote address found, connecting to 192.168.59.3:9001.
E: Could not connect to client. :-(
Log closed at 2016-01-17 16:02:29

Log opened at 2016-01-17 16:02:32
I: Checking remote connect back address.
I: Remote address found, connecting to 192.168.59.3:9001.
E: Could not connect to client. :-(
Log closed at 2016-01-17 16:02:32

Log opened at 2016-01-17 16:02:42
I: Checking remote connect back address.
I: Remote address found, connecting to 192.168.59.3:9001.
E: Could not connect to client. :-(
Log closed at 2016-01-17 16:02:42

Log opened at 2016-01-17 16:02:43
I: Checking remote connect back address.
I: Remote address found, connecting to 192.168.59.3:9001.
E: Could not connect to client. :-(
Log closed at 2016-01-17 16:02:43

Log opened at 2016-01-17 16:02:45
I: Checking remote connect back address.
I: Remote address found, connecting to 192.168.59.3:9001.
E: Could not connect to client. :-(
Log closed at 2016-01-17 16:02:45

Log opened at 2016-01-17 16:02:45
I: Checking remote connect back address.
I: Remote address found, connecting to 192.168.59.3:9001.
E: Could not connect to client. :-(
Log closed at 2016-01-17 16:02:45

Log opened at 2016-01-17 16:02:46
I: Checking remote connect back address.
I: Remote address found, connecting to 192.168.59.3:9001.
E: Could not connect to client. :-(
Log closed at 2016-01-17 16:02:46

Log opened at 2016-01-17 16:02:46
I: Checking remote connect back address.
I: Remote address found, connecting to 192.168.59.3:9001.
E: Could not connect to client. :-(
Log closed at 2016-01-17 16:02:46

Log opened at 2016-01-17 16:03:02
I: Checking remote connect back address.
I: Remote address found, connecting to 192.168.59.3:9001.
E: Could not connect to client. :-(
Log closed at 2016-01-17 16:03:02

Log opened at 2016-01-17 16:03:29
I: Checking remote connect back address.
I: Remote address found, connecting to 192.168.59.3:9001.
E: Could not connect to client. :-(
Log closed at 2016-01-17 16:03:29

Log opened at 2016-01-17 16:03:43
I: Checking remote connect back address.
I: Remote address found, connecting to 192.168.59.3:9001.
E: Could not connect to client. :-(
Log closed at 2016-01-17 16:03:43

Log opened at 2016-01-17 16:03:45
I: Checking remote connect back address.
I: Remote address found, connecting to 192.168.59.3:9001.
E: Could not connect to client. :-(
Log closed at 2016-01-17 16:03:45

Log opened at 2016-01-17 16:04:01
I: Checking remote connect back address.
I: Remote address found, connecting to 192.168.59.3:9001.
E: Could not connect to client. :-(
Log closed at 2016-01-17 16:04:01

Log opened at 2016-01-17 16:04:07
I: Checking remote connect back address.
I: Remote address found, connecting to 192.168.59.3:9001.
E: Could not connect to client. :-(
Log closed at 2016-01-17 16:04:07

Log opened at 2016-01-17 16:04:21
I: Checking remote connect back address.
I: Remote address found, connecting to 192.168.59.3:9001.
E: Could not connect to client. :-(
Log closed at 2016-01-17 16:04:21

Log opened at 2016-01-17 16:04:22
I: Checking remote connect back address.
I: Remote address found, connecting to 192.168.59.3:9001.
E: Could not connect to client. :-(
Log closed at 2016-01-17 16:04:22

Log opened at 2016-01-17 16:04:39
I: Checking remote connect back address.
I: Remote address found, connecting to 192.168.59.3:9001.
E: Could not connect to client. :-(
Log closed at 2016-01-17 16:04:39

Log opened at 2016-01-17 16:04:40
I: Checking remote connect back address.
I: Remote address found, connecting to 192.168.59.3:9001.
E: Could not connect to client. :-(
Log closed at 2016-01-17 16:04:40

Log opened at 2016-01-17 16:04:41
I: Checking remote connect back address.
I: Remote address found, connecting to 192.168.59.3:9001.
E: Could not connect to client. :-(
Log closed at 2016-01-17 16:04:41

Log opened at 2016-01-17 16:04:41
I: Checking remote connect back address.
I: Remote address found, connecting to 192.168.59.3:9001.
E: Could not connect to client. :-(
Log closed at 2016-01-17 16:04:41

Log opened at 2016-01-17 16:04:44
I: Checking remote connect back address.
I: Remote address found, connecting to 192.168.59.3:9001.
E: Could not connect to client. :-(
Log closed at 2016-01-17 16:04:44

Log opened at 2016-01-17 16:04:45
I: Checking remote connect back address.
I: Remote address found, connecting to 192.168.59.3:9001.
E: Could not connect to client. :-(
Log closed at 2016-01-17 16:04:45

Log opened at 2016-01-17 16:05:32
I: Checking remote connect back address.
I: Remote address found, connecting to 192.168.59.3:9001.
E: Could not connect to client. :-(
Log closed at 2016-01-17 16:05:32

Log opened at 2016-01-17 16:05:44
I: Checking remote connect back address.
I: Remote address found, connecting to 192.168.59.3:9001.
E: Could not connect to client. :-(
Log closed at 2016-01-17 16:05:44

Log opened at 2016-01-17 16:05:49
I: Checking remote connect back address.
I: Remote address found, connecting to 192.168.59.3:9001.
E: Could not connect to client. :-(
Log closed at 2016-01-17 16:05:49

Log opened at 2016-01-17 16:06:03
I: Checking remote connect back address.
I: Remote address found, connecting to 192.168.59.3:9001.
E: Could not connect to client. :-(
Log closed at 2016-01-17 16:06:03

Log opened at 2016-01-17 16:06:03
I: Checking remote connect back address.
I: Remote address found, connecting to 192.168.59.3:9001.
E: Could not connect to client. :-(
Log closed at 2016-01-17 16:06:03

Log opened at 2016-01-17 16:07:47
I: Checking remote connect back address.
I: Remote address found, connecting to 192.168.59.3:9001.
E: Could not connect to client. :-(
Log closed at 2016-01-17 16:07:47

Log opened at 2016-01-17 16:07:47
I: Checking remote connect back address.
I: Remote address found, connecting to 192.168.59.3:9001.
E: Could not connect to client. :-(
Log closed at 2016-01-17 16:07:47

Log opened at 2016-01-17 16:08:37
I: Checking remote connect back address.
I: Remote address found, connecting to 192.168.59.3:9001.
E: Could not connect to client. :-(
Log closed at 2016-01-17 16:08:37

Log opened at 2016-01-17 16:08:37
I: Checking remote connect back address.
I: Remote address found, connecting to 192.168.59.3:9001.
E: Could not connect to client. :-(
Log closed at 2016-01-17 16:08:37

